[2024-11-11T06:49:12.015Z] Launched Application-->SignUp Test
[2024-11-11T07:24:09.964Z] Launched Application-->SignUp Test
[2024-11-11T07:30:09.970Z] Launched Application-->SignUp Test
[2024-11-11T07:30:11.027Z] Entered User details-->SignUp Test
[2024-11-11T07:30:11.196Z] Verified User SignUp-->SignUp Test
[2024-11-11T08:35:31.262Z] Launched Application-->SignUp Test
[2024-11-11T08:35:32.583Z] Entered User details-->SignUp Test
[2024-11-11T08:35:32.970Z] Verified User SignUp-->SignUp Test
[2024-11-11T08:35:33.911Z] Launched Application-->SignUp Test
[2024-11-11T08:35:34.871Z] Verify User Exist message
[2024-11-11T08:35:35.138Z] Launched Application-->SignUp Test
[2024-11-11T08:35:35.635Z] Verify Invalid Data message
[2024-11-11T08:53:50.108Z] Launched Application-->Login Test
[2024-11-11T08:54:10.939Z] Launched Application-->Login Test
[2024-11-11T08:54:14.017Z] Entered User Details-->Login Test
[2024-11-11T08:56:59.392Z] Launched Application-->Login Test
[2024-11-11T08:57:02.309Z] Entered User Details-->Login Test
[2024-11-11T08:57:54.384Z] Launched Application-->Login Test
[2024-11-11T08:57:57.361Z] Entered User Details-->Login Test
[2024-11-11T08:58:42.607Z] Launched Application-->Login Test
[2024-11-11T08:58:45.582Z] Entered User Details-->Login Test
[2024-11-11T08:58:49.826Z] Validated success Login Msg-->Login Test
[2024-11-11T09:50:26.445Z] Launched Application-->Login Test
[2024-11-11T09:51:08.077Z] Launched Application-->Login Test
[2024-11-11T09:51:48.242Z] Launched Application-->Login Test
[2024-11-11T09:51:51.188Z] Entered User Details-->Login Test
[2024-11-11T09:51:55.439Z] Validated success Login Msg-->Login Test
[2024-11-11T09:52:32.024Z] Launched Application-->Login Test
[2024-11-11T09:52:35.032Z] Entered User Details-->Login Test
[2024-11-11T09:52:39.570Z] Validated success Login Msg-->Login Test
[2024-11-12T05:45:53.368Z] Launched Application-->Login Test
[2024-11-12T05:45:56.419Z] Entered User Details-->Login Test
[2024-11-12T05:46:00.953Z] Validated success Login Msg-->Login Test
[2024-11-12T05:53:48.886Z] Launched Application-->Login Test
[2024-11-12T05:53:51.903Z] Entered User Details-->Login Test
[2024-11-12T05:54:50.371Z] Launched Application-->Login Test
[2024-11-12T05:54:53.242Z] Entered User Details-->Login Test
[2024-11-12T05:54:57.413Z] Validated success Login Msg-->Login Test
[2024-11-12T05:56:39.645Z] Launched Application-->Login Test
[2024-11-12T05:56:42.533Z] Entered User Details-->Login Test
[2024-11-12T05:57:59.909Z] Launched Application-->Login Test
[2024-11-12T05:58:03.179Z] Entered User Details-->Login Test
[2024-11-12T05:58:17.816Z] Launched Application-->Login Test
[2024-11-12T05:58:20.873Z] Entered User Details-->Login Test
[2024-11-12T06:19:14.387Z] Launched Application-->Login Test
[2024-11-12T06:19:17.344Z] Entered User Details-->Login Test
[2024-11-12T06:23:42.815Z] Launched Application-->Login Test
[2024-11-12T06:23:45.704Z] Entered User Details-->Login Test
[2024-11-12T06:24:11.894Z] Launched Application-->Login Test
[2024-11-12T06:24:14.991Z] Launched Application-->Login Test
[2024-11-12T06:24:17.907Z] Entered User Details-->Login Test
[2024-11-12T06:24:22.081Z] Validated success Login Msg-->Login Test
[2024-11-12T06:24:27.041Z] Launched Application-->Login Test
[2024-11-12T06:24:29.947Z] Entered User Details-->Login Test
[2024-11-12T06:24:34.434Z] Validated success Login Msg-->Login Test
[2024-11-12T06:24:48.774Z] Launched Application-->Login Test
[2024-11-12T06:24:51.699Z] Entered User Details-->Login Test
[2024-11-12T06:24:55.898Z] Validated success Login Msg-->Login Test
[2024-11-12T06:25:35.875Z] Launched Application-->Login Test
[2024-11-12T06:25:38.863Z] Entered User Details-->Login Test
[2024-11-12T06:25:43.085Z] Validated success Login Msg-->Login Test
[2024-11-12T06:30:04.515Z] Launched Application-->Login Test
[2024-11-12T06:30:07.417Z] Entered User Details-->Login Test
[2024-11-12T06:30:11.588Z] Validated success Login Msg-->Login Test
[2024-11-12T07:52:50.217Z] Launched Application-->Login Test
[2024-11-12T07:52:53.036Z] Entered User Details-->Login Test
[2024-11-12T07:52:57.173Z] Validated success Login Msg-->Login Test
[2024-11-12T07:53:12.864Z] Launched Application-->Login Test
[2024-11-12T07:53:15.765Z] Entered User Details-->Login Test
[2024-11-12T07:53:20.209Z] Validated success Login Msg-->Login Test
[2024-11-12T07:53:33.209Z] Launched Application-->SignUp Test
[2024-11-12T07:53:34.320Z] Entered User details-->SignUp Test
[2024-11-12T07:53:34.619Z] Verified User SignUp-->SignUp Test
[2024-11-12T07:53:35.683Z] Launched Application-->SignUp Test
[2024-11-12T07:53:36.759Z] Verify User Exist message
[2024-11-12T07:53:37.137Z] Launched Application-->SignUp Test
[2024-11-12T07:53:37.625Z] Verify Invalid Data message
[2024-11-12T09:06:55.694Z] Launched Application-->Login Test
[2024-11-12T09:06:58.783Z] Entered User Details-->Login Test
[2024-11-12T09:07:03.022Z] Validated success Login Msg-->Login Test
[2024-11-12T09:07:10.743Z] Launched Application-->Login Test
[2024-11-12T09:07:13.719Z] Entered User Details-->Login Test
[2024-11-12T09:07:17.982Z] Validated success Login Msg-->Login Test
[2024-11-12T09:07:24.232Z] Launched Application-->SignUp Test
[2024-11-12T09:07:25.408Z] Entered User details-->SignUp Test
[2024-11-12T09:07:25.584Z] Verified User SignUp-->SignUp Test
[2024-11-12T09:07:25.951Z] Launched Application-->SignUp Test
[2024-11-12T09:07:27.005Z] Verify User Exist message
[2024-11-12T09:07:27.811Z] Launched Application-->SignUp Test
[2024-11-12T09:07:28.283Z] Verify Invalid Data message
[2024-11-12T09:08:18.199Z] Launched Application-->Login Test
[2024-11-12T09:08:21.124Z] Entered User Details-->Login Test
[2024-11-12T09:08:25.318Z] Validated success Login Msg-->Login Test
[2024-11-12T09:08:34.312Z] Launched Application-->Login Test
[2024-11-12T09:08:37.168Z] Entered User Details-->Login Test
[2024-11-12T09:08:41.344Z] Validated success Login Msg-->Login Test
[2024-11-12T09:08:48.602Z] Launched Application-->SignUp Test
[2024-11-12T09:08:49.785Z] Entered User details-->SignUp Test
[2024-11-12T09:08:49.964Z] Verified User SignUp-->SignUp Test
[2024-11-12T09:08:51.529Z] Launched Application-->SignUp Test
[2024-11-12T09:08:52.536Z] Verify User Exist message
[2024-11-12T09:08:52.943Z] Launched Application-->SignUp Test
[2024-11-12T09:08:53.277Z] Verify Invalid Data message
